0 info it worked if it ends with ok
1 verbose cli [ '/usr/local/Cellar/node/7.3.0/bin/node',
1 verbose cli   '/usr/local/bin/npm',
1 verbose cli   'install',
1 verbose cli   'color-space' ]
2 info using npm@3.10.10
3 info using node@v7.3.0
4 silly loadCurrentTree Starting
5 silly install loadCurrentTree
6 silly install readLocalPackageData
7 silly fetchPackageMetaData color-space
8 silly fetchNamedPackageData color-space
9 silly mapToRegistry name color-space
10 silly mapToRegistry using default registry
11 silly mapToRegistry registry https://registry.npmjs.org/
12 silly mapToRegistry data Result {
12 silly mapToRegistry   raw: 'color-space',
12 silly mapToRegistry   scope: null,
12 silly mapToRegistry   escapedName: 'color-space',
12 silly mapToRegistry   name: 'color-space',
12 silly mapToRegistry   rawSpec: '',
12 silly mapToRegistry   spec: 'latest',
12 silly mapToRegistry   type: 'tag' }
13 silly mapToRegistry uri https://registry.npmjs.org/color-space
14 verbose request uri https://registry.npmjs.org/color-space
15 verbose request no auth needed
16 info attempt registry request try #1 at 6:03:22 PM
17 verbose request id 9de8348928eec1aa
18 verbose etag W/"5988c5f4-14188"
19 verbose lastModified Mon, 07 Aug 2017 19:56:36 GMT
20 http request GET https://registry.npmjs.org/color-space
21 http 304 https://registry.npmjs.org/color-space
22 verbose headers { date: 'Thu, 21 Sep 2017 16:03:22 GMT',
22 verbose headers   via: '1.1 varnish',
22 verbose headers   'cache-control': 'max-age=300',
22 verbose headers   etag: 'W/"5988c5f4-14188"',
22 verbose headers   age: '49',
22 verbose headers   connection: 'keep-alive',
22 verbose headers   'x-served-by': 'cache-ams4120-AMS',
22 verbose headers   'x-cache': 'HIT',
22 verbose headers   'x-cache-hits': '1',
22 verbose headers   'x-timer': 'S1506009803.952310,VS0,VE0',
22 verbose headers   vary: 'Accept-Encoding, Accept' }
23 silly get cb [ 304,
23 silly get   { date: 'Thu, 21 Sep 2017 16:03:22 GMT',
23 silly get     via: '1.1 varnish',
23 silly get     'cache-control': 'max-age=300',
23 silly get     etag: 'W/"5988c5f4-14188"',
23 silly get     age: '49',
23 silly get     connection: 'keep-alive',
23 silly get     'x-served-by': 'cache-ams4120-AMS',
23 silly get     'x-cache': 'HIT',
23 silly get     'x-cache-hits': '1',
23 silly get     'x-timer': 'S1506009803.952310,VS0,VE0',
23 silly get     vary: 'Accept-Encoding, Accept' } ]
24 verbose etag https://registry.npmjs.org/color-space from cache
25 verbose get saving color-space to /Users/martin/.npm/registry.npmjs.org/color-space/.cache.json
26 verbose correctMkdir /Users/martin/.npm correctMkdir not in flight; initializing
27 silly install normalizeTree
28 silly loadCurrentTree Finishing
29 silly loadIdealTree Starting
30 silly install loadIdealTree
31 silly cloneCurrentTree Starting
32 silly install cloneCurrentTreeToIdealTree
33 silly cloneCurrentTree Finishing
34 silly loadShrinkwrap Starting
35 silly install loadShrinkwrap
36 silly loadShrinkwrap Finishing
37 silly loadAllDepsIntoIdealTree Starting
38 silly install loadAllDepsIntoIdealTree
39 silly resolveWithNewModule color-space@1.14.7 checking installable status
40 silly cache add args [ 'color-space', null ]
41 verbose cache add spec color-space
42 silly cache add parsed spec Result {
42 silly cache add   raw: 'color-space',
42 silly cache add   scope: null,
42 silly cache add   escapedName: 'color-space',
42 silly cache add   name: 'color-space',
42 silly cache add   rawSpec: '',
42 silly cache add   spec: 'latest',
42 silly cache add   type: 'tag' }
43 silly addNamed color-space@latest
44 verbose addNamed "latest" is being treated as a dist-tag for color-space
45 info addNameTag [ 'color-space', 'latest' ]
46 silly mapToRegistry name color-space
47 silly mapToRegistry using default registry
48 silly mapToRegistry registry https://registry.npmjs.org/
49 silly mapToRegistry data Result {
49 silly mapToRegistry   raw: 'color-space',
49 silly mapToRegistry   scope: null,
49 silly mapToRegistry   escapedName: 'color-space',
49 silly mapToRegistry   name: 'color-space',
49 silly mapToRegistry   rawSpec: '',
49 silly mapToRegistry   spec: 'latest',
49 silly mapToRegistry   type: 'tag' }
50 silly mapToRegistry uri https://registry.npmjs.org/color-space
51 verbose addNameTag registry:https://registry.npmjs.org/color-space not in flight; fetching
52 verbose get https://registry.npmjs.org/color-space not expired, no request
53 silly addNameTag next cb for color-space with tag latest
54 silly addNamed color-space@1.14.7
55 verbose addNamed "1.14.7" is a plain semver version for color-space
56 silly cache afterAdd color-space@1.14.7
57 verbose afterAdd /Users/martin/.npm/color-space/1.14.7/package/package.json not in flight; writing
58 verbose correctMkdir /Users/martin/.npm correctMkdir not in flight; initializing
59 verbose afterAdd /Users/martin/.npm/color-space/1.14.7/package/package.json written
60 silly fetchNamedPackageData husl
61 silly mapToRegistry name husl
62 silly mapToRegistry using default registry
63 silly mapToRegistry registry https://registry.npmjs.org/
64 silly mapToRegistry data Result {
64 silly mapToRegistry   raw: 'husl',
64 silly mapToRegistry   scope: null,
64 silly mapToRegistry   escapedName: 'husl',
64 silly mapToRegistry   name: 'husl',
64 silly mapToRegistry   rawSpec: '',
64 silly mapToRegistry   spec: 'latest',
64 silly mapToRegistry   type: 'tag' }
65 silly mapToRegistry uri https://registry.npmjs.org/husl
66 silly fetchNamedPackageData mumath
67 silly mapToRegistry name mumath
68 silly mapToRegistry using default registry
69 silly mapToRegistry registry https://registry.npmjs.org/
70 silly mapToRegistry data Result {
70 silly mapToRegistry   raw: 'mumath',
70 silly mapToRegistry   scope: null,
70 silly mapToRegistry   escapedName: 'mumath',
70 silly mapToRegistry   name: 'mumath',
70 silly mapToRegistry   rawSpec: '',
70 silly mapToRegistry   spec: 'latest',
70 silly mapToRegistry   type: 'tag' }
71 silly mapToRegistry uri https://registry.npmjs.org/mumath
72 verbose request uri https://registry.npmjs.org/mumath
73 verbose request no auth needed
74 info attempt registry request try #1 at 6:03:23 PM
75 verbose etag W/"58c080b4-8fc7"
76 verbose lastModified Wed, 08 Mar 2017 22:07:48 GMT
77 http request GET https://registry.npmjs.org/mumath
78 verbose request uri https://registry.npmjs.org/husl
79 verbose request no auth needed
80 info attempt registry request try #1 at 6:03:23 PM
81 verbose etag W/"5853b9b8-5e59"
82 verbose lastModified Fri, 16 Dec 2016 09:54:00 GMT
83 http request GET https://registry.npmjs.org/husl
84 http 304 https://registry.npmjs.org/mumath
85 verbose headers { date: 'Thu, 21 Sep 2017 16:03:23 GMT',
85 verbose headers   via: '1.1 varnish',
85 verbose headers   'cache-control': 'max-age=300',
85 verbose headers   etag: 'W/"58c080b4-8fc7"',
85 verbose headers   age: '48',
85 verbose headers   connection: 'keep-alive',
85 verbose headers   'x-served-by': 'cache-ams4120-AMS',
85 verbose headers   'x-cache': 'HIT',
85 verbose headers   'x-cache-hits': '1',
85 verbose headers   'x-timer': 'S1506009803.110839,VS0,VE0',
85 verbose headers   vary: 'Accept-Encoding, Accept' }
86 silly get cb [ 304,
86 silly get   { date: 'Thu, 21 Sep 2017 16:03:23 GMT',
86 silly get     via: '1.1 varnish',
86 silly get     'cache-control': 'max-age=300',
86 silly get     etag: 'W/"58c080b4-8fc7"',
86 silly get     age: '48',
86 silly get     connection: 'keep-alive',
86 silly get     'x-served-by': 'cache-ams4120-AMS',
86 silly get     'x-cache': 'HIT',
86 silly get     'x-cache-hits': '1',
86 silly get     'x-timer': 'S1506009803.110839,VS0,VE0',
86 silly get     vary: 'Accept-Encoding, Accept' } ]
87 verbose etag https://registry.npmjs.org/mumath from cache
88 verbose get saving mumath to /Users/martin/.npm/registry.npmjs.org/mumath/.cache.json
89 verbose correctMkdir /Users/martin/.npm correctMkdir not in flight; initializing
90 silly resolveWithNewModule mumath@3.3.4 checking installable status
91 silly cache add args [ 'mumath@^3.0.0', null ]
92 verbose cache add spec mumath@^3.0.0
93 silly cache add parsed spec Result {
93 silly cache add   raw: 'mumath@^3.0.0',
93 silly cache add   scope: null,
93 silly cache add   escapedName: 'mumath',
93 silly cache add   name: 'mumath',
93 silly cache add   rawSpec: '^3.0.0',
93 silly cache add   spec: '>=3.0.0 <4.0.0',
93 silly cache add   type: 'range' }
94 silly addNamed mumath@>=3.0.0 <4.0.0
95 verbose addNamed ">=3.0.0 <4.0.0" is a valid semver range for mumath
96 silly addNameRange { name: 'mumath', range: '>=3.0.0 <4.0.0', hasData: false }
97 silly mapToRegistry name mumath
98 silly mapToRegistry using default registry
99 silly mapToRegistry registry https://registry.npmjs.org/
100 silly mapToRegistry data Result {
100 silly mapToRegistry   raw: 'mumath',
100 silly mapToRegistry   scope: null,
100 silly mapToRegistry   escapedName: 'mumath',
100 silly mapToRegistry   name: 'mumath',
100 silly mapToRegistry   rawSpec: '',
100 silly mapToRegistry   spec: 'latest',
100 silly mapToRegistry   type: 'tag' }
101 silly mapToRegistry uri https://registry.npmjs.org/mumath
102 verbose addNameRange registry:https://registry.npmjs.org/mumath not in flight; fetching
103 verbose get https://registry.npmjs.org/mumath not expired, no request
104 silly addNameRange number 2 { name: 'mumath', range: '>=3.0.0 <4.0.0', hasData: true }
105 silly addNameRange versions [ 'mumath',
105 silly addNameRange   [ '0.0.1',
105 silly addNameRange     '0.1.0',
105 silly addNameRange     '0.1.1',
105 silly addNameRange     '0.2.0',
105 silly addNameRange     '0.2.1',
105 silly addNameRange     '0.2.2',
105 silly addNameRange     '0.2.3',
105 silly addNameRange     '0.2.4',
105 silly addNameRange     '0.3.0',
105 silly addNameRange     '0.3.1',
105 silly addNameRange     '0.4.0',
105 silly addNameRange     '0.4.1',
105 silly addNameRange     '0.4.2',
105 silly addNameRange     '0.4.3',
105 silly addNameRange     '1.0.0',
105 silly addNameRange     '1.0.2',
105 silly addNameRange     '2.0.0',
105 silly addNameRange     '2.0.1',
105 silly addNameRange     '2.1.0',
105 silly addNameRange     '2.2.0',
105 silly addNameRange     '2.2.1',
105 silly addNameRange     '2.3.0',
105 silly addNameRange     '3.0.0',
105 silly addNameRange     '3.0.1',
105 silly addNameRange     '3.1.0',
105 silly addNameRange     '3.1.1',
105 silly addNameRange     '3.1.2',
105 silly addNameRange     '3.2.0',
105 silly addNameRange     '3.2.1',
105 silly addNameRange     '3.2.2',
105 silly addNameRange     '3.3.0',
105 silly addNameRange     '3.3.1',
105 silly addNameRange     '3.3.2',
105 silly addNameRange     '3.3.3',
105 silly addNameRange     '3.3.4' ] ]
106 silly addNamed mumath@3.3.4
107 verbose addNamed "3.3.4" is a plain semver version for mumath
108 http 304 https://registry.npmjs.org/husl
109 verbose headers { date: 'Thu, 21 Sep 2017 16:03:23 GMT',
109 verbose headers   via: '1.1 varnish',
109 verbose headers   'cache-control': 'max-age=300',
109 verbose headers   etag: 'W/"5853b9b8-5e59"',
109 verbose headers   age: '48',
109 verbose headers   connection: 'keep-alive',
109 verbose headers   'x-served-by': 'cache-ams4132-AMS',
109 verbose headers   'x-cache': 'HIT',
109 verbose headers   'x-cache-hits': '1',
109 verbose headers   'x-timer': 'S1506009803.133848,VS0,VE0',
109 verbose headers   vary: 'Accept-Encoding, Accept' }
110 silly get cb [ 304,
110 silly get   { date: 'Thu, 21 Sep 2017 16:03:23 GMT',
110 silly get     via: '1.1 varnish',
110 silly get     'cache-control': 'max-age=300',
110 silly get     etag: 'W/"5853b9b8-5e59"',
110 silly get     age: '48',
110 silly get     connection: 'keep-alive',
110 silly get     'x-served-by': 'cache-ams4132-AMS',
110 silly get     'x-cache': 'HIT',
110 silly get     'x-cache-hits': '1',
110 silly get     'x-timer': 'S1506009803.133848,VS0,VE0',
110 silly get     vary: 'Accept-Encoding, Accept' } ]
111 verbose etag https://registry.npmjs.org/husl from cache
112 verbose get saving husl to /Users/martin/.npm/registry.npmjs.org/husl/.cache.json
113 verbose correctMkdir /Users/martin/.npm correctMkdir not in flight; initializing
114 silly resolveWithNewModule husl@5.0.3 checking installable status
115 silly cache add args [ 'husl@^5.0.0', null ]
116 verbose cache add spec husl@^5.0.0
117 silly cache add parsed spec Result {
117 silly cache add   raw: 'husl@^5.0.0',
117 silly cache add   scope: null,
117 silly cache add   escapedName: 'husl',
117 silly cache add   name: 'husl',
117 silly cache add   rawSpec: '^5.0.0',
117 silly cache add   spec: '>=5.0.0 <6.0.0',
117 silly cache add   type: 'range' }
118 silly addNamed husl@>=5.0.0 <6.0.0
119 verbose addNamed ">=5.0.0 <6.0.0" is a valid semver range for husl
120 silly addNameRange { name: 'husl', range: '>=5.0.0 <6.0.0', hasData: false }
121 silly mapToRegistry name husl
122 silly mapToRegistry using default registry
123 silly mapToRegistry registry https://registry.npmjs.org/
124 silly mapToRegistry data Result {
124 silly mapToRegistry   raw: 'husl',
124 silly mapToRegistry   scope: null,
124 silly mapToRegistry   escapedName: 'husl',
124 silly mapToRegistry   name: 'husl',
124 silly mapToRegistry   rawSpec: '',
124 silly mapToRegistry   spec: 'latest',
124 silly mapToRegistry   type: 'tag' }
125 silly mapToRegistry uri https://registry.npmjs.org/husl
126 verbose addNameRange registry:https://registry.npmjs.org/husl not in flight; fetching
127 silly cache afterAdd mumath@3.3.4
128 verbose afterAdd /Users/martin/.npm/mumath/3.3.4/package/package.json not in flight; writing
129 verbose correctMkdir /Users/martin/.npm correctMkdir not in flight; initializing
130 verbose afterAdd /Users/martin/.npm/mumath/3.3.4/package/package.json written
131 verbose get https://registry.npmjs.org/husl not expired, no request
132 silly addNameRange number 2 { name: 'husl', range: '>=5.0.0 <6.0.0', hasData: true }
133 silly addNameRange versions [ 'husl',
133 silly addNameRange   [ '1.0.0',
133 silly addNameRange     '1.0.1',
133 silly addNameRange     '1.0.2',
133 silly addNameRange     '2.0.0',
133 silly addNameRange     '3.0.0',
133 silly addNameRange     '4.0.0',
133 silly addNameRange     '4.0.1',
133 silly addNameRange     '4.0.2',
133 silly addNameRange     '5.0.0',
133 silly addNameRange     '5.0.1',
133 silly addNameRange     '5.0.2',
133 silly addNameRange     '5.0.3',
133 silly addNameRange     '6.0.0',
133 silly addNameRange     '6.0.1',
133 silly addNameRange     '6.0.2-alpha.1',
133 silly addNameRange     '6.0.2-alpha.2',
133 silly addNameRange     '6.0.2-alpha.3',
133 silly addNameRange     '6.0.2-alpha.4',
133 silly addNameRange     '6.0.3',
133 silly addNameRange     '6.0.4',
133 silly addNameRange     '6.0.6' ] ]
134 silly addNamed husl@5.0.3
135 verbose addNamed "5.0.3" is a plain semver version for husl
136 warn deprecated husl@5.0.3: Project renamed to HSLuv
137 silly cache afterAdd husl@5.0.3
138 verbose afterAdd /Users/martin/.npm/husl/5.0.3/package/package.json not in flight; writing
139 verbose correctMkdir /Users/martin/.npm correctMkdir not in flight; initializing
140 verbose afterAdd /Users/martin/.npm/husl/5.0.3/package/package.json written
141 silly loadAllDepsIntoIdealTree Finishing
142 silly loadIdealTree Finishing
143 silly currentTree com.innr@1.0.0
143 silly currentTree ├── almost-equal@1.1.0
143 silly currentTree ├── cookie@0.3.1
143 silly currentTree ├── homey-log@1.0.4
143 silly currentTree ├── homey-meshdriver@1.2.0
143 silly currentTree ├── json-stringify-safe@5.0.1
143 silly currentTree ├── lsmod@1.0.0
143 silly currentTree ├── raven@0.12.3
143 silly currentTree ├── stack-trace@0.0.9
143 silly currentTree └── uuid@3.0.0
144 silly idealTree com.innr@1.0.0
144 silly idealTree ├── almost-equal@1.1.0
144 silly idealTree ├── color-space@1.14.7
144 silly idealTree ├── cookie@0.3.1
144 silly idealTree ├── homey-log@1.0.4
144 silly idealTree ├── homey-meshdriver@1.2.0
144 silly idealTree ├── husl@5.0.3
144 silly idealTree ├── json-stringify-safe@5.0.1
144 silly idealTree ├── lsmod@1.0.0
144 silly idealTree ├── mumath@3.3.4
144 silly idealTree ├── raven@0.12.3
144 silly idealTree ├── stack-trace@0.0.9
144 silly idealTree └── uuid@3.0.0
145 silly generateActionsToTake Starting
146 silly install generateActionsToTake
147 silly rollbackFailedOptional Starting
148 silly rollbackFailedOptional Finishing
149 silly runTopLevelLifecycles Finishing
150 silly install printInstalled
151 verbose stack Error: /Users/martin/Documents/Homey/nl.philips.zigbee/node_modules/homey-meshdriver: Appears to be a git repo or submodule.
151 verbose stack     at /usr/local/lib/node_modules/npm/node_modules/npm-install-checks/index.js:137:15
151 verbose stack     at /usr/local/lib/node_modules/npm/node_modules/graceful-fs/polyfills.js:267:18
151 verbose stack     at FSReqWrap.oncomplete (fs.js:111:15)
152 verbose cwd /Users/martin/Documents/Homey/nl.philips.zigbee
153 error Darwin 16.7.0
154 error argv "/usr/local/Cellar/node/7.3.0/bin/node" "/usr/local/bin/npm" "install" "color-space"
155 error node v7.3.0
156 error npm  v3.10.10
157 error path /Users/martin/Documents/Homey/nl.philips.zigbee/node_modules/homey-meshdriver
158 error code EISGIT
159 error git /Users/martin/Documents/Homey/nl.philips.zigbee/node_modules/homey-meshdriver: Appears to be a git repo or submodule.
160 error git /Users/martin/Documents/Homey/nl.philips.zigbee/node_modules/homey-meshdriver
161 error git Refusing to remove it. Update manually,
161 error git or move it out of the way first.
162 verbose exit [ 1, true ]
